<?xml version="1.0" encoding="UTF-8"?>
<!-- Generated by org.testng.reporters.JUnitReportReporter -->
<testsuite skipped="0" hostname="ip-172-31-27-234" name="com.LaunchBrowser.LaunchBrowser" tests="1" failures="0" timestamp="2020-06-07T16:46:06 UTC" time="6.752" errors="0">
  <testcase name="LaunchBrowseer" time="6.752" classname="com.LaunchBrowser.LaunchBrowser"/>
</testsuite> <!-- com.LaunchBrowser.LaunchBrowser -->
