<?xml version="1.0" encoding="UTF-8"?>
<!-- Generated by org.testng.reporters.JUnitReportReporter -->
<testsuite skipped="0" hostname="ip-172-31-27-234" name="com.testannotations.TestAnnotations11" tests="2" failures="0" timestamp="2020-06-06T17:56:14 UTC" time="0.003" errors="0">
  <testcase name="Test2" time="0.001" classname="com.testannotations.TestAnnotations11"/>
  <testcase name="Test1" time="0.002" classname="com.testannotations.TestAnnotations11"/>
</testsuite> <!-- com.testannotations.TestAnnotations11 -->
