<?xml version="1.0" encoding="UTF-8"?>
<!-- Generated by org.testng.reporters.JUnitReportReporter -->
<testsuite skipped="0" hostname="ip-172-31-27-234" name="com.grouping.Grouping" tests="2" failures="0" timestamp="2020-06-07T15:26:12 UTC" time="0.012" errors="0">
  <testcase name="EmptyPasswordLogin" time="0.010" classname="com.grouping.Grouping"/>
  <testcase name="ValidLogin" time="0.002" classname="com.grouping.Grouping"/>
</testsuite> <!-- com.grouping.Grouping -->
