<?xml version="1.0" encoding="UTF-8"?>
<!-- Generated by org.testng.reporters.JUnitReportReporter -->
<testsuite skipped="0" hostname="ip-172-31-27-234" name="com.dataprovider.Login" tests="2" failures="0" timestamp="2020-06-07T15:50:40 UTC" time="0.013" errors="0">
  <testcase name="LoginTestCase" time="0.002" classname="com.dataprovider.Login"/>
  <testcase name="LoginTestCase" time="0.011" classname="com.dataprovider.Login"/>
</testsuite> <!-- com.dataprovider.Login -->
