<?xml version="1.0" encoding="UTF-8"?>
<!-- Generated by org.testng.reporters.JUnitReportReporter -->
<testsuite skipped="0" hostname="ip-172-31-27-234" name="com.regExp.RegExpressions" tests="2" failures="0" timestamp="2020-06-07T16:12:07 UTC" time="0.013" errors="0">
  <testcase name="testWindowsOnly" time="0.012" classname="com.regExp.RegExpressions"/>
  <testcase name="testWindowsToo" time="0.001" classname="com.regExp.RegExpressions"/>
</testsuite> <!-- com.regExp.RegExpressions -->
