<?xml version="1.0" encoding="UTF-8"?>
<!-- Generated by org.testng.reporters.JUnitReportReporter -->
<testsuite skipped="0" hostname="ip-172-31-27-234" name="com.Annotations.TestAnnotations3" tests="3" failures="0" timestamp="2020-06-07T15:59:57 UTC" time="0.005" errors="0">
  <testcase name="Login" time="0.002" classname="com.Annotations.TestAnnotations3"/>
  <testcase name="AccountEnquiry" time="0.002" classname="com.Annotations.TestAnnotations3"/>
  <testcase name="FundTransfer" time="0.001" classname="com.Annotations.TestAnnotations3"/>
</testsuite> <!-- com.Annotations.TestAnnotations3 -->
